<?xml version="1.0" encoding="UTF-8"?>
<!-- Generated by org.testng.reporters.JUnitReportReporter -->
<testsuite hostname="ADMIN-PC" name="TestNgorg.asserts1" tests="2" failures="0" timestamp="31 Dec 2000 19:53:43 GMT" time="8.634" errors="0">
  <testcase name="launch" time="7.993" classname="TestNgorg.asserts1"/>
  <testcase name="data" time="0.641" classname="TestNgorg.asserts1"/>
</testsuite> <!-- TestNgorg.asserts1 -->
