<?xml version="1.0" encoding="UTF-8"?>
<!-- Generated by org.testng.reporters.JUnitReportReporter -->
<testsuite hostname="ADMIN-PC" name="TestNgorg.loginparameter" tests="4" failures="0" timestamp="2 Aug 2017 09:59:56 GMT" time="60.443" errors="0">
  <testcase name="username" time="0.357" classname="TestNgorg.loginparameter"/>
  <testcase name="password" time="0.268" classname="TestNgorg.loginparameter"/>
  <testcase name="launch" time="19.233" classname="TestNgorg.loginparameter"/>
  <testcase name="click" time="40.585" classname="TestNgorg.loginparameter"/>
</testsuite> <!-- TestNgorg.loginparameter -->
