<?xml version="1.0" encoding="UTF-8"?>
<!-- Generated by org.testng.reporters.JUnitReportReporter -->
<testsuite hostname="ADMIN-PC" name="login" tests="5" failures="0" timestamp="1 Aug 2017 12:07:29 GMT" time="29.062" errors="0">
  <testcase name="launch" time="7.182" classname="login"/>
  <testcase name="password" time="0.239" classname="login"/>
  <testcase name="click" time="12.488" classname="login"/>
  <testcase name="maximize" time="8.368" classname="login"/>
  <testcase name="username" time="0.785" classname="login"/>
</testsuite> <!-- login -->
