<?xml version="1.0" encoding="UTF-8"?>
<!-- Generated by org.testng.reporters.JUnitReportReporter -->
<testsuite hostname="ADMIN-PC" name="TestNgorg.dataprovidr1" tests="3" failures="0" timestamp="4 Aug 2017 09:41:52 GMT" time="13.486" errors="0">
  <testcase name="enterdata" time="0.498" classname="TestNgorg.dataprovidr1"/>
  <testcase name="launch" time="12.721" classname="TestNgorg.dataprovidr1"/>
  <testcase name="enterdata" time="0.267" classname="TestNgorg.dataprovidr1"/>
</testsuite> <!-- TestNgorg.dataprovidr1 -->
