<?xml version="1.0" encoding="UTF-8"?>
<!-- Generated by org.testng.reporters.JUnitReportReporter -->
<testsuite hostname="ADMIN-PC" name="launching" tests="3" failures="0" timestamp="31 Dec 2005 18:38:42 GMT" time="11.979" errors="0">
  <testcase name="C" time="2.337" classname="launching"/>
  <testcase name="B" time="5.921" classname="launching"/>
  <testcase name="A" time="3.721" classname="launching"/>
</testsuite> <!-- launching -->
