<?xml version="1.0" encoding="UTF-8"?>
<!-- Generated by org.testng.reporters.JUnitReportReporter -->
<testsuite hostname="ADMIN-PC" name="Groups.group1" tests="4" failures="0" timestamp="31 Dec 2000 20:27:14 GMT" time="0.032" errors="0">
  <testcase name="log2" time="0.003" classname="Groups.group1"/>
  <testcase name="log" time="0.023" classname="Groups.group1"/>
  <testcase name="log1" time="0.003" classname="Groups.group1"/>
  <testcase name="log3" time="0.003" classname="Groups.group1"/>
</testsuite> <!-- Groups.group1 -->
