<?xml version="1.0" encoding="UTF-8"?>
<!-- Generated by org.testng.reporters.JUnitReportReporter -->
<testsuite hostname="ADMIN-PC" name="TestNgorg.login" tests="5" failures="0" timestamp="2 Aug 2017 09:33:18 GMT" time="30.139" errors="0">
  <testcase name="click" time="20.634" classname="TestNgorg.login"/>
  <testcase name="launch" time="2.627" classname="TestNgorg.login"/>
  <testcase name="maximize" time="6.402" classname="TestNgorg.login"/>
  <testcase name="password" time="0.197" classname="TestNgorg.login"/>
  <testcase name="username" time="0.279" classname="TestNgorg.login"/>
</testsuite> <!-- TestNgorg.login -->
