<?xml version="1.0" encoding="UTF-8"?>
<!-- Generated by org.testng.reporters.JUnitReportReporter -->
<testsuite hostname="ADMIN-PC" name="TestNgorg.dependency" tests="3" failures="0" timestamp="2 Aug 2017 09:33:18 GMT" time="12.903" errors="0">
  <testcase name="B" time="6.777" classname="TestNgorg.dependency"/>
  <testcase name="A" time="3.782" classname="TestNgorg.dependency"/>
  <testcase name="C" time="2.344" classname="TestNgorg.dependency"/>
</testsuite> <!-- TestNgorg.dependency -->
