<?xml version="1.0" encoding="UTF-8"?>
<!-- Generated by org.testng.reporters.JUnitReportReporter -->
<testsuite hostname="ADMIN-PC" name="TestNgorg.para3" tests="2" failures="0" timestamp="4 Aug 2017 08:59:38 GMT" time="10.507" errors="0">
  <testcase name="uname" time="0.753" classname="TestNgorg.para3"/>
  <testcase name="launch" time="9.754" classname="TestNgorg.para3"/>
</testsuite> <!-- TestNgorg.para3 -->
