<?xml version="1.0" encoding="UTF-8"?>
<!-- Generated by org.testng.reporters.JUnitReportReporter -->
<testsuite hostname="ADMIN-PC" name="beforetest" tests="1" failures="0" timestamp="1 Aug 2017 12:51:40 GMT" time="6.666" errors="0">
  <testcase name="maximize" time="6.666" classname="beforetest"/>
</testsuite> <!-- beforetest -->
