<?xml version="1.0" encoding="UTF-8"?>
<!-- Generated by org.testng.reporters.JUnitReportReporter -->
<testsuite skipped="0" hostname="ADMIN-PC" name="datacompare.compare" tests="1" failures="0" timestamp="29 Aug 2017 10:42:28 GMT" time="0.383" errors="0">
  <testcase name="com" time="0.383" classname="datacompare.compare"/>
</testsuite> <!-- datacompare.compare -->
