<?xml version="1.0" encoding="UTF-8"?>
<!-- Generated by org.testng.reporters.JUnitReportReporter -->
<testsuite skipped="0" hostname="ADMIN-PC" name="datadriven1.object" tests="5" failures="0" timestamp="23 Aug 2017 09:30:33 GMT" time="16.944" errors="0">
  <testcase name="data" time="3.997" classname="datadriven1.object"/>
  <testcase name="data" time="2.863" classname="datadriven1.object"/>
  <testcase name="data" time="1.428" classname="datadriven1.object"/>
  <testcase name="data" time="1.857" classname="datadriven1.object"/>
  <testcase name="data" time="6.799" classname="datadriven1.object"/>
</testsuite> <!-- datadriven1.object -->
