<?xml version="1.0" encoding="UTF-8"?>
<!-- Generated by org.testng.reporters.JUnitReportReporter -->
<testsuite skipped="0" hostname="ADMIN-PC" name="datadriven1.predefined1" tests="1" failures="0" timestamp="21 Aug 2017 05:07:34 GMT" time="0.016" errors="0">
  <testcase name="setpath" time="0.016" classname="datadriven1.predefined1"/>
</testsuite> <!-- datadriven1.predefined1 -->
