<?xml version="1.0" encoding="UTF-8"?>
<!-- Generated by org.testng.reporters.JUnitReportReporter -->
<testsuite skipped="0" hostname="ADMIN-PC" name="datadriven1.predefined" tests="1" failures="0" timestamp="18 Aug 2017 12:16:48 GMT" time="0.446" errors="0">
  <testcase name="method" time="0.446" classname="datadriven1.predefined"/>
</testsuite> <!-- datadriven1.predefined -->
