<?xml version="1.0" encoding="UTF-8"?>
<!-- Generated by org.testng.reporters.JUnitReportReporter -->
<testsuite skipped="0" hostname="ADMIN-PC" name="datadriven1.prog" tests="1" failures="0" timestamp="18 Aug 2017 04:24:31 GMT" time="0.343" errors="0">
  <testcase name="run" time="0.343" classname="datadriven1.prog"/>
</testsuite> <!-- datadriven1.prog -->
