<?xml version="1.0" encoding="UTF-8"?>
<!-- Generated by org.testng.reporters.JUnitReportReporter -->
<testsuite skipped="0" hostname="ADMIN-PC" name="jdbc.links" tests="1" failures="0" timestamp="31 Aug 2017 06:25:17 GMT" time="32.874" errors="0">
  <testcase name="launch" time="32.874" classname="jdbc.links"/>
</testsuite> <!-- jdbc.links -->
